d:\egyetem\grafika\basicgraphicsengine\basicgraphicsengine\basicgra.d505765f\x64\debug\vc143.pdb
d:\egyetem\grafika\basicgraphicsengine\basicgraphicsengine\basicgra.d505765f\x64\debug\vc143.idb
d:\egyetem\grafika\basicgraphicsengine\basicgraphicsengine\basicgra.d505765f\x64\debug\glad.obj
d:\egyetem\grafika\basicgraphicsengine\basicgraphicsengine\basicgra.d505765f\x64\debug\main.obj
d:\egyetem\grafika\basicgraphicsengine\basicgraphicsengine\basicgra.d505765f\x64\debug\imgui_widgets.obj
d:\egyetem\grafika\basicgraphicsengine\basicgraphicsengine\basicgra.d505765f\x64\debug\imgui_tables.obj
d:\egyetem\grafika\basicgraphicsengine\basicgraphicsengine\basicgra.d505765f\x64\debug\imgui_draw.obj
d:\egyetem\grafika\basicgraphicsengine\basicgraphicsengine\basicgra.d505765f\x64\debug\imgui_demo.obj
d:\egyetem\grafika\basicgraphicsengine\basicgraphicsengine\basicgra.d505765f\x64\debug\imgui.obj
d:\egyetem\grafika\basicgraphicsengine\basicgraphicsengine\basicgra.d505765f\x64\debug\imgui_impl_opengl3.obj
d:\egyetem\grafika\basicgraphicsengine\basicgraphicsengine\basicgra.d505765f\x64\debug\imgui_impl_glfw.obj
d:\egyetem\grafika\basicgraphicsengine\basicgraphicsengine\x64\debug\basicgraphicsengine.exe
d:\egyetem\grafika\basicgraphicsengine\basicgraphicsengine\x64\debug\basicgraphicsengine.pdb
d:\egyetem\grafika\basicgraphicsengine\basicgraphicsengine\basicgra.d505765f\x64\debug\basicgraphicsengine.ilk
d:\egyetem\grafika\basicgraphicsengine\basicgraphicsengine\basicgra.d505765f\x64\debug\basicgra.d505765f.tlog\cl.command.1.tlog
d:\egyetem\grafika\basicgraphicsengine\basicgraphicsengine\basicgra.d505765f\x64\debug\basicgra.d505765f.tlog\cl.items.tlog
d:\egyetem\grafika\basicgraphicsengine\basicgraphicsengine\basicgra.d505765f\x64\debug\basicgra.d505765f.tlog\cl.read.1.tlog
d:\egyetem\grafika\basicgraphicsengine\basicgraphicsengine\basicgra.d505765f\x64\debug\basicgra.d505765f.tlog\cl.write.1.tlog
d:\egyetem\grafika\basicgraphicsengine\basicgraphicsengine\basicgra.d505765f\x64\debug\basicgra.d505765f.tlog\link.command.1.tlog
d:\egyetem\grafika\basicgraphicsengine\basicgraphicsengine\basicgra.d505765f\x64\debug\basicgra.d505765f.tlog\link.read.1.tlog
d:\egyetem\grafika\basicgraphicsengine\basicgraphicsengine\basicgra.d505765f\x64\debug\basicgra.d505765f.tlog\link.secondary.1.tlog
d:\egyetem\grafika\basicgraphicsengine\basicgraphicsengine\basicgra.d505765f\x64\debug\basicgra.d505765f.tlog\link.write.1.tlog
